Using pre-set license
Built from '2020.3/staging' branch; Version is '2020.3.8f1 (507919d4fff5) revision 5273881'; Using compiler version '192528614'; Build Type 'Release'
OS: 'Windows 10 Home; OS build 18363.1500; Version 1909; 64bit' Language: 'es' Physical Memory: 7094 MB
BatchMode: 1, IsHumanControllingUs: 0, StartBugReporterOnCrash: 0, Is64bit: 1, IsPro: 0

 COMMAND LINE ARGUMENTS:
E:\Michael\programas\unity\Editor\Unity.exe
-adb2
-batchMode
-noUpm
-name
AssetImportWorker0
-projectPath
E:/Michael/five trimester/unity/flappy bird
-logFile
Logs/AssetImportWorker0.log
-srvPort
61200
Successfully changed project path to: E:/Michael/five trimester/unity/flappy bird
E:/Michael/five trimester/unity/flappy bird
Using Asset Import Pipeline V2.
Refreshing native plugins compatible for Editor in 57.24 ms, found 1 plugins.
Preloading 0 native plugins for Editor in 0.00 ms.
Initialize engine version: 2020.3.8f1 (507919d4fff5)
[Subsystems] Discovering subsystems at path E:/Michael/programas/unity/Editor/Data/Resources/UnitySubsystems
[Subsystems] Discovering subsystems at path E:/Michael/five trimester/unity/flappy bird/Assets
GfxDevice: creating device client; threaded=0
Direct3D:
    Version:  Direct3D 11.0 [level 11.1]
    Renderer: AMD Radeon(TM) Vega 3 Graphics (ID=0x15dd)
    Vendor:   
    VRAM:     3547 MB
    Driver:   27.20.1034.6
Initialize mono
Mono path[0] = 'E:/Michael/programas/unity/Editor/Data/Managed'
Mono path[1] = 'E:/Michael/programas/unity/Editor/Data/MonoBleedingEdge/lib/mono/unityjit'
Mono config path = 'E:/Michael/programas/unity/Editor/Data/MonoBleedingEdge/etc'
Using monoOptions --debugger-agent=transport=dt_socket,embedding=1,server=y,suspend=n,address=127.0.0.1:56632
Begin MonoManager ReloadAssembly
Registering precompiled unity dll's ...
Register platform support module: E:/Michael/programas/unity/Editor/Data/PlaybackEngines/WindowsStandaloneSupport/UnityEditor.WindowsStandalone.Extensions.dll
Registered in 0.001217 seconds.
Native extension for WindowsStandalone target not found
Refreshing native plugins compatible for Editor in 46.71 ms, found 1 plugins.
Preloading 0 native plugins for Editor in 0.00 ms.
Mono: successfully reloaded assembly
- Completed reload, in  1.540 seconds
Platform modules already initialized, skipping
Registering precompiled user dll's ...
Registered in 0.000986 seconds.
Begin MonoManager ReloadAssembly
Native extension for WindowsStandalone target not found
Refreshing native plugins compatible for Editor in 49.05 ms, found 1 plugins.
Preloading 0 native plugins for Editor in 0.00 ms.
Mono: successfully reloaded assembly
- Completed reload, in  1.557 seconds
Platform modules already initialized, skipping
========================================================================
Worker process is ready to serve import requests
Launched and connected shader compiler UnityShaderCompiler.exe after 0.10 seconds
Refreshing native plugins compatible for Editor in 0.50 ms, found 1 plugins.
Preloading 0 native plugins for Editor in 0.00 ms.
Unloading 1813 Unused Serialized files (Serialized files now loaded: 0)
System memory in use before: 84.9 MB.
System memory in use after: 84.9 MB.

Unloading 24 unused Assets to reduce memory usage. Loaded Objects now: 2255.
Total: 2.586100 ms (FindLiveObjects: 0.225900 ms CreateObjectMapping: 0.053200 ms MarkObjects: 2.131700 ms  DeleteObjects: 0.173900 ms)

========================================================================
Received Import Request.
  path: Assets/Scenes
  artifactKey: Guid(5c240aa9698178a4695d9e1968678888) Importer(815301076,1909f56bfc062723c751e8b465ee728b)
Start importing Assets/Scenes using Guid(5c240aa9698178a4695d9e1968678888) Importer(815301076,1909f56bfc062723c751e8b465ee728b)  -> (artifact id: 'c0879b5b51bb5279e71dfd7a181eff4c') in 0.085488 seconds
  Import took 0.114089 seconds .

========================================================================
Received Import Request.
  Time since last request: 15.227015 seconds.
  path: Assets/sprites/dragoncito #1.png
  artifactKey: Guid(cc4b0000b2901584eba20e14c7116b68) Importer(815301076,1909f56bfc062723c751e8b465ee728b)
Start importing Assets/sprites/dragoncito #1.png using Guid(cc4b0000b2901584eba20e14c7116b68) Importer(815301076,1909f56bfc062723c751e8b465ee728b)  -> (artifact id: '34912cec11e94a967aa9a6b0440b4a8b') in 0.529792 seconds
  Import took 0.563550 seconds .

========================================================================
Received Import Request.
  Time since last request: 0.000359 seconds.
  path: Assets/sprites/dragoncito #3.png
  artifactKey: Guid(01fd3415ac45bf54f90ab594a762fb4d) Importer(815301076,1909f56bfc062723c751e8b465ee728b)
Start importing Assets/sprites/dragoncito #3.png using Guid(01fd3415ac45bf54f90ab594a762fb4d) Importer(815301076,1909f56bfc062723c751e8b465ee728b)  -> (artifact id: '3f1e966429cf627a1d8fc013ab9abc59') in 0.042683 seconds
  Import took 0.059357 seconds .

========================================================================
Received Import Request.
  Time since last request: 0.000289 seconds.
  path: Assets/sprites/dragoncito #4.png
  artifactKey: Guid(9c8225eaa452394408060ddee3f78a2b) Importer(815301076,1909f56bfc062723c751e8b465ee728b)
Start importing Assets/sprites/dragoncito #4.png using Guid(9c8225eaa452394408060ddee3f78a2b) Importer(815301076,1909f56bfc062723c751e8b465ee728b)  -> (artifact id: '92686781f9d50ccb46c008de73b0e51a') in 0.045159 seconds
  Import took 0.062954 seconds .

========================================================================
Received Import Request.
  Time since last request: 0.000285 seconds.
  path: Assets/sprites/Game over.png
  artifactKey: Guid(08fc7510bb4ad864db2f5ff9bcb8f850) Importer(815301076,1909f56bfc062723c751e8b465ee728b)
Start importing Assets/sprites/Game over.png using Guid(08fc7510bb4ad864db2f5ff9bcb8f850) Importer(815301076,1909f56bfc062723c751e8b465ee728b)  -> (artifact id: 'bd5c13dfe935a89b02ef33c165cf91d9') in 0.043085 seconds
  Import took 0.075135 seconds .

========================================================================
Received Import Request.
  Time since last request: 0.000280 seconds.
  path: Assets/sprites/dragoncito #2.png
  artifactKey: Guid(67debbc5f5b12cd4d920a15f9ff2af88) Importer(815301076,1909f56bfc062723c751e8b465ee728b)
Start importing Assets/sprites/dragoncito #2.png using Guid(67debbc5f5b12cd4d920a15f9ff2af88) Importer(815301076,1909f56bfc062723c751e8b465ee728b)  -> (artifact id: '8982ad8f35dcf4e49c66d0d27317b22c') in 0.029188 seconds
  Import took 0.034827 seconds .

========================================================================
Received Import Request.
  Time since last request: 0.000286 seconds.
  path: Assets/sprites/dragoncito #5.png
  artifactKey: Guid(e4ee930ef2e8d1047bc7759d29adbbb6) Importer(815301076,1909f56bfc062723c751e8b465ee728b)
Start importing Assets/sprites/dragoncito #5.png using Guid(e4ee930ef2e8d1047bc7759d29adbbb6) Importer(815301076,1909f56bfc062723c751e8b465ee728b)  -> (artifact id: '1c6b65596e5dbc7e0657164e766234fa') in 0.027094 seconds
  Import took 0.033079 seconds .

========================================================================
Received Import Request.
  Time since last request: 197.785072 seconds.
  path: Assets/Scrip/Movimiento.cs
  artifactKey: Guid(c8067c16706ef5649a199892fb4e96c2) Importer(815301076,1909f56bfc062723c751e8b465ee728b)
Start importing Assets/Scrip/Movimiento.cs using Guid(c8067c16706ef5649a199892fb4e96c2) Importer(815301076,1909f56bfc062723c751e8b465ee728b)  -> (artifact id: '3edfb4fc48a5e69c3a8da918d06928c3') in 0.036914 seconds
  Import took 0.041623 seconds .

========================================================================
Received Prepare
Registering precompiled user dll's ...
Registered in 0.001043 seconds.
Begin MonoManager ReloadAssembly
Native extension for WindowsStandalone target not found
Refreshing native plugins compatible for Editor in 0.78 ms, found 1 plugins.
Preloading 0 native plugins for Editor in 0.00 ms.
Mono: successfully reloaded assembly
- Completed reload, in  1.396 seconds
Platform modules already initialized, skipping
Refreshing native plugins compatible for Editor in 0.90 ms, found 1 plugins.
Preloading 0 native plugins for Editor in 0.00 ms.
Unloading 1808 Unused Serialized files (Serialized files now loaded: 0)
System memory in use before: 88.0 MB.
System memory in use after: 88.0 MB.

Unloading 12 unused Assets to reduce memory usage. Loaded Objects now: 2265.
Total: 2.780600 ms (FindLiveObjects: 0.295900 ms CreateObjectMapping: 0.083100 ms MarkObjects: 2.255900 ms  DeleteObjects: 0.144000 ms)

========================================================================
Received Prepare
Registering precompiled user dll's ...
Registered in 0.000991 seconds.
Begin MonoManager ReloadAssembly
Native extension for WindowsStandalone target not found
Refreshing native plugins compatible for Editor in 0.50 ms, found 1 plugins.
Preloading 0 native plugins for Editor in 0.00 ms.
Mono: successfully reloaded assembly
- Completed reload, in  1.351 seconds
Platform modules already initialized, skipping
Refreshing native plugins compatible for Editor in 0.71 ms, found 1 plugins.
Preloading 0 native plugins for Editor in 0.00 ms.
Unloading 1808 Unused Serialized files (Serialized files now loaded: 0)
System memory in use before: 88.0 MB.
System memory in use after: 88.0 MB.

Unloading 12 unused Assets to reduce memory usage. Loaded Objects now: 2269.
Total: 2.695100 ms (FindLiveObjects: 0.244900 ms CreateObjectMapping: 0.053500 ms MarkObjects: 2.238200 ms  DeleteObjects: 0.156200 ms)

========================================================================
Received Prepare
Registering precompiled user dll's ...
Registered in 0.001116 seconds.
Begin MonoManager ReloadAssembly
Native extension for WindowsStandalone target not found
Refreshing native plugins compatible for Editor in 0.47 ms, found 1 plugins.
Preloading 0 native plugins for Editor in 0.00 ms.
Mono: successfully reloaded assembly
- Completed reload, in  1.433 seconds
Platform modules already initialized, skipping
Refreshing native plugins compatible for Editor in 0.46 ms, found 1 plugins.
Preloading 0 native plugins for Editor in 0.00 ms.
Unloading 1808 Unused Serialized files (Serialized files now loaded: 0)
System memory in use before: 88.0 MB.
System memory in use after: 88.0 MB.

Unloading 12 unused Assets to reduce memory usage. Loaded Objects now: 2273.
Total: 2.783000 ms (FindLiveObjects: 0.246100 ms CreateObjectMapping: 0.053500 ms MarkObjects: 2.313000 ms  DeleteObjects: 0.168600 ms)

========================================================================
Received Prepare
Registering precompiled user dll's ...
Registered in 0.001005 seconds.
Begin MonoManager ReloadAssembly
Native extension for WindowsStandalone target not found
Refreshing native plugins compatible for Editor in 0.47 ms, found 1 plugins.
Preloading 0 native plugins for Editor in 0.00 ms.
Mono: successfully reloaded assembly
- Completed reload, in  1.469 seconds
Platform modules already initialized, skipping
Refreshing native plugins compatible for Editor in 0.44 ms, found 1 plugins.
Preloading 0 native plugins for Editor in 0.00 ms.
Unloading 1808 Unused Serialized files (Serialized files now loaded: 0)
System memory in use before: 88.0 MB.
System memory in use after: 88.0 MB.

Unloading 12 unused Assets to reduce memory usage. Loaded Objects now: 2277.
Total: 3.471700 ms (FindLiveObjects: 0.232800 ms CreateObjectMapping: 0.052300 ms MarkObjects: 3.020100 ms  DeleteObjects: 0.164700 ms)

========================================================================
Received Prepare
Registering precompiled user dll's ...
Registered in 0.001028 seconds.
Begin MonoManager ReloadAssembly
Native extension for WindowsStandalone target not found
Refreshing native plugins compatible for Editor in 1.38 ms, found 1 plugins.
Preloading 0 native plugins for Editor in 0.00 ms.
Mono: successfully reloaded assembly
- Completed reload, in  1.477 seconds
Platform modules already initialized, skipping
Refreshing native plugins compatible for Editor in 0.98 ms, found 1 plugins.
Preloading 0 native plugins for Editor in 0.00 ms.
Unloading 1808 Unused Serialized files (Serialized files now loaded: 0)
System memory in use before: 88.1 MB.
System memory in use after: 88.0 MB.

Unloading 12 unused Assets to reduce memory usage. Loaded Objects now: 2281.
Total: 4.967600 ms (FindLiveObjects: 0.259000 ms CreateObjectMapping: 0.059100 ms MarkObjects: 4.464700 ms  DeleteObjects: 0.182600 ms)

========================================================================
Received Prepare
Registering precompiled user dll's ...
Registered in 0.001014 seconds.
Begin MonoManager ReloadAssembly
Native extension for WindowsStandalone target not found
Refreshing native plugins compatible for Editor in 0.53 ms, found 1 plugins.
Preloading 0 native plugins for Editor in 0.00 ms.
Mono: successfully reloaded assembly
- Completed reload, in  1.472 seconds
Platform modules already initialized, skipping
Refreshing native plugins compatible for Editor in 0.45 ms, found 1 plugins.
Preloading 0 native plugins for Editor in 0.00 ms.
Unloading 1808 Unused Serialized files (Serialized files now loaded: 0)
System memory in use before: 88.1 MB.
System memory in use after: 88.0 MB.

Unloading 12 unused Assets to reduce memory usage. Loaded Objects now: 2285.
Total: 2.951100 ms (FindLiveObjects: 0.242200 ms CreateObjectMapping: 0.063400 ms MarkObjects: 2.492700 ms  DeleteObjects: 0.151300 ms)

========================================================================
Received Prepare
Registering precompiled user dll's ...
Registered in 0.001063 seconds.
Begin MonoManager ReloadAssembly
Native extension for WindowsStandalone target not found
Refreshing native plugins compatible for Editor in 0.54 ms, found 1 plugins.
Preloading 0 native plugins for Editor in 0.00 ms.
Mono: successfully reloaded assembly
- Completed reload, in  1.275 seconds
Platform modules already initialized, skipping
Refreshing native plugins compatible for Editor in 0.43 ms, found 1 plugins.
Preloading 0 native plugins for Editor in 0.00 ms.
Unloading 1808 Unused Serialized files (Serialized files now loaded: 0)
System memory in use before: 88.1 MB.
System memory in use after: 88.1 MB.

Unloading 12 unused Assets to reduce memory usage. Loaded Objects now: 2289.
Total: 3.078200 ms (FindLiveObjects: 0.336900 ms CreateObjectMapping: 0.103500 ms MarkObjects: 2.477700 ms  DeleteObjects: 0.158400 ms)

========================================================================
Received Import Request.
  Time since last request: 502.628048 seconds.
  path: Assets/sprites/dragoncito.png
  artifactKey: Guid(9ef10dd8e8f3afc449a4fef409b0df17) Importer(815301076,1909f56bfc062723c751e8b465ee728b)
Start importing Assets/sprites/dragoncito.png using Guid(9ef10dd8e8f3afc449a4fef409b0df17) Importer(815301076,1909f56bfc062723c751e8b465ee728b)  -> (artifact id: '0ed347fa25e12cd27b175b4c3a678b00') in 0.114872 seconds
  Import took 0.137600 seconds .

========================================================================
Received Prepare
Registering precompiled user dll's ...
Registered in 0.001278 seconds.
Begin MonoManager ReloadAssembly
Native extension for WindowsStandalone target not found
Refreshing native plugins compatible for Editor in 0.46 ms, found 1 plugins.
Preloading 0 native plugins for Editor in 0.00 ms.
Mono: successfully reloaded assembly
- Completed reload, in  1.522 seconds
Platform modules already initialized, skipping
Refreshing native plugins compatible for Editor in 0.46 ms, found 1 plugins.
Preloading 0 native plugins for Editor in 0.00 ms.
Unloading 1808 Unused Serialized files (Serialized files now loaded: 0)
System memory in use before: 88.1 MB.
System memory in use after: 88.1 MB.

Unloading 12 unused Assets to reduce memory usage. Loaded Objects now: 2294.
Total: 2.880700 ms (FindLiveObjects: 0.358100 ms CreateObjectMapping: 0.089700 ms MarkObjects: 2.278100 ms  DeleteObjects: 0.153000 ms)

========================================================================
Received Prepare
Registering precompiled user dll's ...
Registered in 0.001021 seconds.
Begin MonoManager ReloadAssembly
Native extension for WindowsStandalone target not found
Refreshing native plugins compatible for Editor in 0.46 ms, found 1 plugins.
Preloading 0 native plugins for Editor in 0.00 ms.
Mono: successfully reloaded assembly
- Completed reload, in  1.276 seconds
Platform modules already initialized, skipping
Refreshing native plugins compatible for Editor in 0.50 ms, found 1 plugins.
Preloading 0 native plugins for Editor in 0.00 ms.
Unloading 1808 Unused Serialized files (Serialized files now loaded: 0)
System memory in use before: 88.1 MB.
System memory in use after: 88.1 MB.

Unloading 12 unused Assets to reduce memory usage. Loaded Objects now: 2298.
Total: 2.543400 ms (FindLiveObjects: 0.245200 ms CreateObjectMapping: 0.053800 ms MarkObjects: 2.096700 ms  DeleteObjects: 0.146300 ms)

========================================================================
Received Import Request.
  Time since last request: 361.797145 seconds.
  path: Assets/Scrip/L_puntage.cs
  artifactKey: Guid(575829aa5231ae247bde424adc4890ee) Importer(815301076,1909f56bfc062723c751e8b465ee728b)
Start importing Assets/Scrip/L_puntage.cs using Guid(575829aa5231ae247bde424adc4890ee) Importer(815301076,1909f56bfc062723c751e8b465ee728b)  -> (artifact id: 'b0d52cd6257d2325fc33a34eedcef27b') in 0.025021 seconds
  Import took 0.030279 seconds .

========================================================================
Received Prepare
Registering precompiled user dll's ...
Registered in 0.010577 seconds.
Begin MonoManager ReloadAssembly
Native extension for WindowsStandalone target not found
Refreshing native plugins compatible for Editor in 0.71 ms, found 1 plugins.
Preloading 0 native plugins for Editor in 0.00 ms.
Mono: successfully reloaded assembly
- Completed reload, in  1.338 seconds
Platform modules already initialized, skipping
Refreshing native plugins compatible for Editor in 0.93 ms, found 1 plugins.
Preloading 0 native plugins for Editor in 0.00 ms.
Unloading 1809 Unused Serialized files (Serialized files now loaded: 0)
System memory in use before: 88.1 MB.
System memory in use after: 88.1 MB.

Unloading 12 unused Assets to reduce memory usage. Loaded Objects now: 2303.
Total: 3.210900 ms (FindLiveObjects: 0.283200 ms CreateObjectMapping: 0.063500 ms MarkObjects: 2.664400 ms  DeleteObjects: 0.198000 ms)

========================================================================
Received Import Request.
  Time since last request: 172.606086 seconds.
  path: Assets/Scrip/L_puntage.cs
  artifactKey: Guid(575829aa5231ae247bde424adc4890ee) Importer(815301076,1909f56bfc062723c751e8b465ee728b)
Start importing Assets/Scrip/L_puntage.cs using Guid(575829aa5231ae247bde424adc4890ee) Importer(815301076,1909f56bfc062723c751e8b465ee728b)  -> (artifact id: '52fcb44c7bff1fe6795004d28ecd2e21') in 0.009332 seconds
  Import took 0.013368 seconds .

========================================================================
Received Prepare
Registering precompiled user dll's ...
Registered in 0.002002 seconds.
Begin MonoManager ReloadAssembly
Native extension for WindowsStandalone target not found
Refreshing native plugins compatible for Editor in 0.83 ms, found 1 plugins.
Preloading 0 native plugins for Editor in 0.00 ms.
Mono: successfully reloaded assembly
- Completed reload, in  2.014 seconds
Platform modules already initialized, skipping
Refreshing native plugins compatible for Editor in 0.73 ms, found 1 plugins.
Preloading 0 native plugins for Editor in 0.00 ms.
Unloading 1809 Unused Serialized files (Serialized files now loaded: 0)
System memory in use before: 88.1 MB.
System memory in use after: 88.1 MB.

Unloading 12 unused Assets to reduce memory usage. Loaded Objects now: 2307.
Total: 8.640400 ms (FindLiveObjects: 0.398000 ms CreateObjectMapping: 0.082500 ms MarkObjects: 7.832300 ms  DeleteObjects: 0.324800 ms)

========================================================================
Received Prepare
Registering precompiled user dll's ...
Registered in 0.001596 seconds.
Begin MonoManager ReloadAssembly
Native extension for WindowsStandalone target not found
Refreshing native plugins compatible for Editor in 1.11 ms, found 1 plugins.
Preloading 0 native plugins for Editor in 0.00 ms.
Mono: successfully reloaded assembly
- Completed reload, in  1.868 seconds
Platform modules already initialized, skipping
Refreshing native plugins compatible for Editor in 0.98 ms, found 1 plugins.
Preloading 0 native plugins for Editor in 0.00 ms.
Unloading 1809 Unused Serialized files (Serialized files now loaded: 0)
System memory in use before: 88.2 MB.
System memory in use after: 88.1 MB.

Unloading 12 unused Assets to reduce memory usage. Loaded Objects now: 2311.
Total: 3.219400 ms (FindLiveObjects: 0.238100 ms CreateObjectMapping: 0.052500 ms MarkObjects: 2.761400 ms  DeleteObjects: 0.165000 ms)

========================================================================
Received Import Request.
  Time since last request: 384.142785 seconds.
  path: Assets/Scrip/area_puntaje.cs
  artifactKey: Guid(6bd53a061de2a0e4d900ae4fd3f1da72) Importer(815301076,1909f56bfc062723c751e8b465ee728b)
Start importing Assets/Scrip/area_puntaje.cs using Guid(6bd53a061de2a0e4d900ae4fd3f1da72) Importer(815301076,1909f56bfc062723c751e8b465ee728b)  -> (artifact id: 'dd4a587ea07997f001a185d3efdffce2') in 0.102423 seconds
  Import took 0.109984 seconds .

========================================================================
Received Prepare
Registering precompiled user dll's ...
Registered in 0.001690 seconds.
Begin MonoManager ReloadAssembly
Native extension for WindowsStandalone target not found
Refreshing native plugins compatible for Editor in 0.65 ms, found 1 plugins.
Preloading 0 native plugins for Editor in 0.00 ms.
Mono: successfully reloaded assembly
- Completed reload, in  1.992 seconds
Platform modules already initialized, skipping
Refreshing native plugins compatible for Editor in 0.76 ms, found 1 plugins.
Preloading 0 native plugins for Editor in 0.00 ms.
Unloading 1810 Unused Serialized files (Serialized files now loaded: 0)
System memory in use before: 88.2 MB.
System memory in use after: 88.2 MB.

Unloading 12 unused Assets to reduce memory usage. Loaded Objects now: 2316.
Total: 6.195800 ms (FindLiveObjects: 1.773200 ms CreateObjectMapping: 0.323400 ms MarkObjects: 3.893700 ms  DeleteObjects: 0.203200 ms)

========================================================================
Received Prepare
Registering precompiled user dll's ...
Registered in 0.023734 seconds.
Begin MonoManager ReloadAssembly
Native extension for WindowsStandalone target not found
Refreshing native plugins compatible for Editor in 1.03 ms, found 1 plugins.
Preloading 0 native plugins for Editor in 0.00 ms.
Mono: successfully reloaded assembly
- Completed reload, in  1.784 seconds
Platform modules already initialized, skipping
Refreshing native plugins compatible for Editor in 0.53 ms, found 1 plugins.
Preloading 0 native plugins for Editor in 0.00 ms.
Unloading 1810 Unused Serialized files (Serialized files now loaded: 0)
System memory in use before: 88.2 MB.
System memory in use after: 88.2 MB.

Unloading 12 unused Assets to reduce memory usage. Loaded Objects now: 2320.
Total: 3.056800 ms (FindLiveObjects: 0.245700 ms CreateObjectMapping: 0.053400 ms MarkObjects: 2.519800 ms  DeleteObjects: 0.235200 ms)

========================================================================
Received Import Request.
  Time since last request: 79.768531 seconds.
  path: Assets/Scrip/area_puntaje.cs
  artifactKey: Guid(6bd53a061de2a0e4d900ae4fd3f1da72) Importer(815301076,1909f56bfc062723c751e8b465ee728b)
Start importing Assets/Scrip/area_puntaje.cs using Guid(6bd53a061de2a0e4d900ae4fd3f1da72) Importer(815301076,1909f56bfc062723c751e8b465ee728b)  -> (artifact id: 'bf7ce35fcf4d10feee609331bead0db7') in 0.013431 seconds
  Import took 0.018413 seconds .

========================================================================
Received Prepare
Registering precompiled user dll's ...
Registered in 0.001482 seconds.
Begin MonoManager ReloadAssembly
Native extension for WindowsStandalone target not found
Refreshing native plugins compatible for Editor in 0.47 ms, found 1 plugins.
Preloading 0 native plugins for Editor in 0.00 ms.
Mono: successfully reloaded assembly
- Completed reload, in  1.856 seconds
Platform modules already initialized, skipping
Refreshing native plugins compatible for Editor in 0.81 ms, found 1 plugins.
Preloading 0 native plugins for Editor in 0.00 ms.
Unloading 1810 Unused Serialized files (Serialized files now loaded: 0)
System memory in use before: 88.2 MB.
System memory in use after: 88.2 MB.

Unloading 12 unused Assets to reduce memory usage. Loaded Objects now: 2324.
Total: 4.805900 ms (FindLiveObjects: 0.482200 ms CreateObjectMapping: 0.140900 ms MarkObjects: 3.950900 ms  DeleteObjects: 0.229800 ms)

========================================================================
Received Import Request.
  Time since last request: 113.455693 seconds.
  path: Assets/Scrip/area_puntaje.cs
  artifactKey: Guid(6bd53a061de2a0e4d900ae4fd3f1da72) Importer(815301076,1909f56bfc062723c751e8b465ee728b)
Start importing Assets/Scrip/area_puntaje.cs using Guid(6bd53a061de2a0e4d900ae4fd3f1da72) Importer(815301076,1909f56bfc062723c751e8b465ee728b)  -> (artifact id: '11583e7f2d311e69e9200db846f951e2') in 0.020850 seconds
  Import took 0.026989 seconds .

========================================================================
Received Import Request.
  Time since last request: 419.085921 seconds.
  path: Assets/sprites/obstaculos 1 Variant.prefab
  artifactKey: Guid(7d9b623b824626f47951747b547ec890) Importer(815301076,1909f56bfc062723c751e8b465ee728b)
Start importing Assets/sprites/obstaculos 1 Variant.prefab using Guid(7d9b623b824626f47951747b547ec890) Importer(815301076,1909f56bfc062723c751e8b465ee728b)  -> (artifact id: 'c53dae211de3d803f091f8cc9f5ece27') in 0.338477 seconds
  Import took 0.344860 seconds .

========================================================================
Received Prepare
Registering precompiled user dll's ...
Registered in 0.005086 seconds.
Begin MonoManager ReloadAssembly
Native extension for WindowsStandalone target not found
Refreshing native plugins compatible for Editor in 0.55 ms, found 1 plugins.
Preloading 0 native plugins for Editor in 0.00 ms.
Mono: successfully reloaded assembly
- Completed reload, in  1.339 seconds
Platform modules already initialized, skipping
Refreshing native plugins compatible for Editor in 0.51 ms, found 1 plugins.
Preloading 0 native plugins for Editor in 0.00 ms.
Unloading 1810 Unused Serialized files (Serialized files now loaded: 0)
System memory in use before: 88.3 MB.
System memory in use after: 88.2 MB.

Unloading 12 unused Assets to reduce memory usage. Loaded Objects now: 2333.
Total: 2.644900 ms (FindLiveObjects: 0.249400 ms CreateObjectMapping: 0.053400 ms MarkObjects: 2.189700 ms  DeleteObjects: 0.151100 ms)

========================================================================
Received Import Request.
  Time since last request: 517.210676 seconds.
  path: Assets/Scrip/obstaculos.prefab
  artifactKey: Guid(2e3a58e6a405a1048ad6b583c426aebf) Importer(815301076,1909f56bfc062723c751e8b465ee728b)
Start importing Assets/Scrip/obstaculos.prefab using Guid(2e3a58e6a405a1048ad6b583c426aebf) Importer(815301076,1909f56bfc062723c751e8b465ee728b)  -> (artifact id: '401e65641f3ef90190eb4080d04a7398') in 0.164462 seconds
  Import took 0.176233 seconds .

========================================================================
Received Prepare
Registering precompiled user dll's ...
Registered in 0.001355 seconds.
Begin MonoManager ReloadAssembly
Native extension for WindowsStandalone target not found
Refreshing native plugins compatible for Editor in 0.76 ms, found 1 plugins.
Preloading 0 native plugins for Editor in 0.00 ms.
Mono: successfully reloaded assembly
- Completed reload, in  1.596 seconds
Platform modules already initialized, skipping
Refreshing native plugins compatible for Editor in 0.54 ms, found 1 plugins.
Preloading 0 native plugins for Editor in 0.00 ms.
Unloading 1810 Unused Serialized files (Serialized files now loaded: 0)
System memory in use before: 88.3 MB.
System memory in use after: 88.2 MB.

Unloading 12 unused Assets to reduce memory usage. Loaded Objects now: 2338.
Total: 2.715700 ms (FindLiveObjects: 0.237400 ms CreateObjectMapping: 0.056700 ms MarkObjects: 2.264400 ms  DeleteObjects: 0.155700 ms)

========================================================================
Received Prepare
Registering precompiled user dll's ...
Registered in 0.001030 seconds.
Begin MonoManager ReloadAssembly
Native extension for WindowsStandalone target not found
Refreshing native plugins compatible for Editor in 0.48 ms, found 1 plugins.
Preloading 0 native plugins for Editor in 0.00 ms.
Mono: successfully reloaded assembly
- Completed reload, in  1.348 seconds
Platform modules already initialized, skipping
Refreshing native plugins compatible for Editor in 0.42 ms, found 1 plugins.
Preloading 0 native plugins for Editor in 0.00 ms.
Unloading 1810 Unused Serialized files (Serialized files now loaded: 0)
System memory in use before: 88.3 MB.
System memory in use after: 88.3 MB.

Unloading 12 unused Assets to reduce memory usage. Loaded Objects now: 2342.
Total: 2.714400 ms (FindLiveObjects: 0.270800 ms CreateObjectMapping: 0.053200 ms MarkObjects: 2.235000 ms  DeleteObjects: 0.153600 ms)

========================================================================
Received Prepare
Registering precompiled user dll's ...
Registered in 0.006888 seconds.
Begin MonoManager ReloadAssembly
Native extension for WindowsStandalone target not found
Refreshing native plugins compatible for Editor in 0.47 ms, found 1 plugins.
Preloading 0 native plugins for Editor in 0.00 ms.
Mono: successfully reloaded assembly
- Completed reload, in  2.551 seconds
Platform modules already initialized, skipping
Refreshing native plugins compatible for Editor in 0.43 ms, found 1 plugins.
Preloading 0 native plugins for Editor in 0.00 ms.
Unloading 1810 Unused Serialized files (Serialized files now loaded: 0)
System memory in use before: 88.3 MB.
System memory in use after: 88.3 MB.

Unloading 12 unused Assets to reduce memory usage. Loaded Objects now: 2346.
Total: 3.032000 ms (FindLiveObjects: 0.233800 ms CreateObjectMapping: 0.053300 ms MarkObjects: 2.567200 ms  DeleteObjects: 0.176100 ms)

========================================================================
Received Prepare
Registering precompiled user dll's ...
Registered in 0.001155 seconds.
Begin MonoManager ReloadAssembly
Native extension for WindowsStandalone target not found
Refreshing native plugins compatible for Editor in 0.42 ms, found 1 plugins.
Preloading 0 native plugins for Editor in 0.00 ms.
Mono: successfully reloaded assembly
- Completed reload, in  1.666 seconds
Platform modules already initialized, skipping
Refreshing native plugins compatible for Editor in 1.17 ms, found 1 plugins.
Preloading 0 native plugins for Editor in 0.00 ms.
Unloading 1810 Unused Serialized files (Serialized files now loaded: 0)
System memory in use before: 88.3 MB.
System memory in use after: 88.3 MB.

Unloading 12 unused Assets to reduce memory usage. Loaded Objects now: 2350.
Total: 4.840900 ms (FindLiveObjects: 0.390300 ms CreateObjectMapping: 0.131500 ms MarkObjects: 4.044200 ms  DeleteObjects: 0.272700 ms)

========================================================================
Received Prepare
Registering precompiled user dll's ...
Registered in 0.001071 seconds.
Begin MonoManager ReloadAssembly
Native extension for WindowsStandalone target not found
Refreshing native plugins compatible for Editor in 0.90 ms, found 1 plugins.
Preloading 0 native plugins for Editor in 0.00 ms.
Mono: successfully reloaded assembly
- Completed reload, in  1.628 seconds
Platform modules already initialized, skipping
Refreshing native plugins compatible for Editor in 0.61 ms, found 1 plugins.
Preloading 0 native plugins for Editor in 0.00 ms.
Unloading 1810 Unused Serialized files (Serialized files now loaded: 0)
System memory in use before: 88.3 MB.
System memory in use after: 88.3 MB.

Unloading 12 unused Assets to reduce memory usage. Loaded Objects now: 2354.
Total: 3.878700 ms (FindLiveObjects: 0.370200 ms CreateObjectMapping: 0.062000 ms MarkObjects: 3.269700 ms  DeleteObjects: 0.175200 ms)

========================================================================
Received Prepare
Registering precompiled user dll's ...
Registered in 0.001732 seconds.
Begin MonoManager ReloadAssembly
Native extension for WindowsStandalone target not found
Refreshing native plugins compatible for Editor in 0.67 ms, found 1 plugins.
Preloading 0 native plugins for Editor in 0.00 ms.
Mono: successfully reloaded assembly
- Completed reload, in  1.397 seconds
Platform modules already initialized, skipping
Refreshing native plugins compatible for Editor in 0.57 ms, found 1 plugins.
Preloading 0 native plugins for Editor in 0.00 ms.
Unloading 1810 Unused Serialized files (Serialized files now loaded: 0)
System memory in use before: 88.3 MB.
System memory in use after: 88.3 MB.

Unloading 12 unused Assets to reduce memory usage. Loaded Objects now: 2358.
Total: 2.809400 ms (FindLiveObjects: 0.252200 ms CreateObjectMapping: 0.075600 ms MarkObjects: 2.329400 ms  DeleteObjects: 0.150800 ms)

========================================================================
Received Import Request.
  Time since last request: 212.253925 seconds.
  path: Assets/sprites/obstaculos 1.prefab
  artifactKey: Guid(b79a5b8de4149ef4aad2db759cec88f6) Importer(815301076,1909f56bfc062723c751e8b465ee728b)
Start importing Assets/sprites/obstaculos 1.prefab using Guid(b79a5b8de4149ef4aad2db759cec88f6) Importer(815301076,1909f56bfc062723c751e8b465ee728b)  -> (artifact id: '527ec0a29e53df0e2c76ee48a3cdc2ee') in 0.124129 seconds
  Import took 0.131293 seconds .

========================================================================
Received Prepare
Registering precompiled user dll's ...
Registered in 0.001415 seconds.
Begin MonoManager ReloadAssembly
Native extension for WindowsStandalone target not found
Refreshing native plugins compatible for Editor in 0.45 ms, found 1 plugins.
Preloading 0 native plugins for Editor in 0.00 ms.
Mono: successfully reloaded assembly
- Completed reload, in  1.875 seconds
Platform modules already initialized, skipping
Refreshing native plugins compatible for Editor in 0.84 ms, found 1 plugins.
Preloading 0 native plugins for Editor in 0.00 ms.
Unloading 1810 Unused Serialized files (Serialized files now loaded: 0)
System memory in use before: 88.3 MB.
System memory in use after: 88.3 MB.

Unloading 12 unused Assets to reduce memory usage. Loaded Objects now: 2363.
Total: 3.123500 ms (FindLiveObjects: 0.269600 ms CreateObjectMapping: 0.055500 ms MarkObjects: 2.633300 ms  DeleteObjects: 0.163200 ms)

========================================================================
Received Prepare
Registering precompiled user dll's ...
Registered in 0.001480 seconds.
Begin MonoManager ReloadAssembly
Native extension for WindowsStandalone target not found
Refreshing native plugins compatible for Editor in 0.48 ms, found 1 plugins.
Preloading 0 native plugins for Editor in 0.00 ms.
Mono: successfully reloaded assembly
- Completed reload, in  1.559 seconds
Platform modules already initialized, skipping
Refreshing native plugins compatible for Editor in 0.43 ms, found 1 plugins.
Preloading 0 native plugins for Editor in 0.00 ms.
Unloading 1810 Unused Serialized files (Serialized files now loaded: 0)
System memory in use before: 88.3 MB.
System memory in use after: 88.3 MB.

Unloading 12 unused Assets to reduce memory usage. Loaded Objects now: 2367.
Total: 3.484800 ms (FindLiveObjects: 0.265900 ms CreateObjectMapping: 0.054500 ms MarkObjects: 2.942400 ms  DeleteObjects: 0.220400 ms)

========================================================================
Received Prepare
Registering precompiled user dll's ...
Registered in 0.002596 seconds.
Begin MonoManager ReloadAssembly
Native extension for WindowsStandalone target not found
Refreshing native plugins compatible for Editor in 1.01 ms, found 1 plugins.
Preloading 0 native plugins for Editor in 0.00 ms.
Mono: successfully reloaded assembly
- Completed reload, in  2.569 seconds
Platform modules already initialized, skipping
Refreshing native plugins compatible for Editor in 0.87 ms, found 1 plugins.
Preloading 0 native plugins for Editor in 0.00 ms.
Unloading 1810 Unused Serialized files (Serialized files now loaded: 0)
System memory in use before: 88.4 MB.
System memory in use after: 88.3 MB.

Unloading 12 unused Assets to reduce memory usage. Loaded Objects now: 2371.
Total: 7.273600 ms (FindLiveObjects: 0.551400 ms CreateObjectMapping: 0.137800 ms MarkObjects: 6.303300 ms  DeleteObjects: 0.278500 ms)

========================================================================
Received Import Request.
  Time since last request: 319.258833 seconds.
  path: Assets/Scrip/obstaculos-#1.prefab
  artifactKey: Guid(e87329e43ba0c8a4dafb08b5924a2046) Importer(815301076,1909f56bfc062723c751e8b465ee728b)
Start importing Assets/Scrip/obstaculos-#1.prefab using Guid(e87329e43ba0c8a4dafb08b5924a2046) Importer(815301076,1909f56bfc062723c751e8b465ee728b)  -> (artifact id: '2ac767e7f9d490e2c4ab82c290643e68') in 0.175744 seconds
  Import took 0.184650 seconds .

========================================================================
Received Prepare
Registering precompiled user dll's ...
Registered in 0.001959 seconds.
Begin MonoManager ReloadAssembly
Native extension for WindowsStandalone target not found
Refreshing native plugins compatible for Editor in 1.72 ms, found 1 plugins.
Preloading 0 native plugins for Editor in 0.00 ms.
Mono: successfully reloaded assembly
- Completed reload, in  2.008 seconds
Platform modules already initialized, skipping
Refreshing native plugins compatible for Editor in 0.76 ms, found 1 plugins.
Preloading 0 native plugins for Editor in 0.00 ms.
Unloading 1810 Unused Serialized files (Serialized files now loaded: 0)
System memory in use before: 88.4 MB.
System memory in use after: 88.4 MB.

Unloading 12 unused Assets to reduce memory usage. Loaded Objects now: 2376.
Total: 4.212100 ms (FindLiveObjects: 0.375300 ms CreateObjectMapping: 0.098700 ms MarkObjects: 3.531100 ms  DeleteObjects: 0.205000 ms)

========================================================================
Received Prepare
Registering precompiled user dll's ...
Registered in 0.001012 seconds.
Begin MonoManager ReloadAssembly
Native extension for WindowsStandalone target not found
Refreshing native plugins compatible for Editor in 0.53 ms, found 1 plugins.
Preloading 0 native plugins for Editor in 0.00 ms.
Mono: successfully reloaded assembly
- Completed reload, in  1.907 seconds
Platform modules already initialized, skipping
Refreshing native plugins compatible for Editor in 1.40 ms, found 1 plugins.
Preloading 0 native plugins for Editor in 0.00 ms.
Unloading 1810 Unused Serialized files (Serialized files now loaded: 0)
System memory in use before: 88.4 MB.
System memory in use after: 88.4 MB.

Unloading 12 unused Assets to reduce memory usage. Loaded Objects now: 2380.
Total: 7.160700 ms (FindLiveObjects: 0.375700 ms CreateObjectMapping: 0.120600 ms MarkObjects: 6.447500 ms  DeleteObjects: 0.214600 ms)

========================================================================
Received Prepare
Registering precompiled user dll's ...
Registered in 0.001060 seconds.
Begin MonoManager ReloadAssembly
Native extension for WindowsStandalone target not found
Refreshing native plugins compatible for Editor in 0.61 ms, found 1 plugins.
Preloading 0 native plugins for Editor in 0.00 ms.
Mono: successfully reloaded assembly
- Completed reload, in  1.691 seconds
Platform modules already initialized, skipping
Refreshing native plugins compatible for Editor in 0.45 ms, found 1 plugins.
Preloading 0 native plugins for Editor in 0.00 ms.
Unloading 1810 Unused Serialized files (Serialized files now loaded: 0)
System memory in use before: 88.4 MB.
System memory in use after: 88.4 MB.

Unloading 12 unused Assets to reduce memory usage. Loaded Objects now: 2384.
Total: 4.412800 ms (FindLiveObjects: 0.410500 ms CreateObjectMapping: 0.129600 ms MarkObjects: 3.667500 ms  DeleteObjects: 0.203000 ms)

========================================================================
Received Prepare
Registering precompiled user dll's ...
Registered in 0.009120 seconds.
Begin MonoManager ReloadAssembly
Native extension for WindowsStandalone target not found
Refreshing native plugins compatible for Editor in 0.91 ms, found 1 plugins.
Preloading 0 native plugins for Editor in 0.00 ms.
Mono: successfully reloaded assembly
- Completed reload, in  1.878 seconds
Platform modules already initialized, skipping
Refreshing native plugins compatible for Editor in 0.81 ms, found 1 plugins.
Preloading 0 native plugins for Editor in 0.00 ms.
Unloading 1810 Unused Serialized files (Serialized files now loaded: 0)
System memory in use before: 88.4 MB.
System memory in use after: 88.4 MB.

Unloading 12 unused Assets to reduce memory usage. Loaded Objects now: 2388.
Total: 2.957700 ms (FindLiveObjects: 0.260800 ms CreateObjectMapping: 0.054000 ms MarkObjects: 2.443400 ms  DeleteObjects: 0.197800 ms)

========================================================================
Received Prepare
Registering precompiled user dll's ...
Registered in 0.002202 seconds.
Begin MonoManager ReloadAssembly
Native extension for WindowsStandalone target not found
Refreshing native plugins compatible for Editor in 1.07 ms, found 1 plugins.
Preloading 0 native plugins for Editor in 0.00 ms.
Mono: successfully reloaded assembly
- Completed reload, in  1.612 seconds
Platform modules already initialized, skipping
Refreshing native plugins compatible for Editor in 0.75 ms, found 1 plugins.
Preloading 0 native plugins for Editor in 0.00 ms.
Unloading 1810 Unused Serialized files (Serialized files now loaded: 0)
System memory in use before: 88.4 MB.
System memory in use after: 88.4 MB.

Unloading 12 unused Assets to reduce memory usage. Loaded Objects now: 2392.
Total: 5.173800 ms (FindLiveObjects: 0.451800 ms CreateObjectMapping: 0.098200 ms MarkObjects: 4.395500 ms  DeleteObjects: 0.226000 ms)

========================================================================
Received Prepare
Registering precompiled user dll's ...
Registered in 0.002217 seconds.
Begin MonoManager ReloadAssembly
Native extension for WindowsStandalone target not found
Refreshing native plugins compatible for Editor in 0.79 ms, found 1 plugins.
Preloading 0 native plugins for Editor in 0.00 ms.
Mono: successfully reloaded assembly
- Completed reload, in  1.683 seconds
Platform modules already initialized, skipping
Refreshing native plugins compatible for Editor in 0.77 ms, found 1 plugins.
Preloading 0 native plugins for Editor in 0.00 ms.
Unloading 1810 Unused Serialized files (Serialized files now loaded: 0)
System memory in use before: 88.4 MB.
System memory in use after: 88.4 MB.

Unloading 12 unused Assets to reduce memory usage. Loaded Objects now: 2396.
Total: 4.560000 ms (FindLiveObjects: 0.383200 ms CreateObjectMapping: 0.094800 ms MarkObjects: 3.864500 ms  DeleteObjects: 0.215400 ms)

========================================================================
Received Prepare
Registering precompiled user dll's ...
Registered in 0.001095 seconds.
Begin MonoManager ReloadAssembly
Native extension for WindowsStandalone target not found
Refreshing native plugins compatible for Editor in 0.66 ms, found 1 plugins.
Preloading 0 native plugins for Editor in 0.00 ms.
Mono: successfully reloaded assembly
- Completed reload, in  1.402 seconds
Platform modules already initialized, skipping
Refreshing native plugins compatible for Editor in 0.47 ms, found 1 plugins.
Preloading 0 native plugins for Editor in 0.00 ms.
Unloading 1810 Unused Serialized files (Serialized files now loaded: 0)
System memory in use before: 88.4 MB.
System memory in use after: 88.4 MB.

Unloading 12 unused Assets to reduce memory usage. Loaded Objects now: 2400.
Total: 2.807100 ms (FindLiveObjects: 0.240000 ms CreateObjectMapping: 0.054000 ms MarkObjects: 2.358000 ms  DeleteObjects: 0.153200 ms)

========================================================================
Received Import Request.
  Time since last request: 1951.019253 seconds.
  path: Assets/sprites/obstaculos 1.prefab
  artifactKey: Guid(b79a5b8de4149ef4aad2db759cec88f6) Importer(815301076,1909f56bfc062723c751e8b465ee728b)
Start importing Assets/sprites/obstaculos 1.prefab using Guid(b79a5b8de4149ef4aad2db759cec88f6) Importer(815301076,1909f56bfc062723c751e8b465ee728b)  -> (artifact id: 'c83c28d4f60d61ed67ab1f44c8f9c7b2') in 0.171375 seconds
  Import took 0.176566 seconds .

========================================================================
Received Import Request.
  Time since last request: 3.419776 seconds.
  path: Assets/sprites/obstaculos 1.prefab
  artifactKey: Guid(b79a5b8de4149ef4aad2db759cec88f6) Importer(815301076,1909f56bfc062723c751e8b465ee728b)
Start importing Assets/sprites/obstaculos 1.prefab using Guid(b79a5b8de4149ef4aad2db759cec88f6) Importer(815301076,1909f56bfc062723c751e8b465ee728b)  -> (artifact id: '90681a861a4862e6c89a0276b3a9a547') in 0.019783 seconds
  Import took 0.026317 seconds .

========================================================================
Received Import Request.
  Time since last request: 117.899979 seconds.
  path: Assets/sprites/obstaculos 1.prefab
  artifactKey: Guid(b79a5b8de4149ef4aad2db759cec88f6) Importer(815301076,1909f56bfc062723c751e8b465ee728b)
Start importing Assets/sprites/obstaculos 1.prefab using Guid(b79a5b8de4149ef4aad2db759cec88f6) Importer(815301076,1909f56bfc062723c751e8b465ee728b)  -> (artifact id: '5135e38baf85dd1ed0aee7d09451ab61') in 0.020827 seconds
  Import took 0.025506 seconds .

========================================================================
Received Prepare
Registering precompiled user dll's ...
Registered in 0.005253 seconds.
Begin MonoManager ReloadAssembly
Native extension for WindowsStandalone target not found
Refreshing native plugins compatible for Editor in 0.71 ms, found 1 plugins.
Preloading 0 native plugins for Editor in 0.00 ms.
Mono: successfully reloaded assembly
- Completed reload, in  2.718 seconds
Platform modules already initialized, skipping
Refreshing native plugins compatible for Editor in 0.50 ms, found 1 plugins.
Preloading 0 native plugins for Editor in 0.00 ms.
Unloading 1810 Unused Serialized files (Serialized files now loaded: 0)
System memory in use before: 88.4 MB.
System memory in use after: 88.4 MB.

Unloading 12 unused Assets to reduce memory usage. Loaded Objects now: 2405.
Total: 2.885800 ms (FindLiveObjects: 0.247700 ms CreateObjectMapping: 0.053600 ms MarkObjects: 2.428800 ms  DeleteObjects: 0.154000 ms)

AssetImportWorkerClient::OnTransportError - code=2 error=End of file
